<?xml version="1.0" encoding="UTF-8"?>
<!-- Generated by org.testng.reporters.JUnitReportReporter -->
<testsuite hostname="Lenovo-PC" name="com.qtpselenium.framework.SuiteA.TestA1" tests="10" failures="1" timestamp="27 Aug 2015 09:24:13 GMT" time="0.695" errors="0">
  <testcase name="GetAssetsinShowTest" time="0.047" classname="com.qtpselenium.framework.SuiteA.TestA1">
    <failure type="org.postgresql.util.PSQLException" message="ERROR: syntax error at or near &quot;)&quot;
  Position: 55">
      <![CDATA[org.postgresql.util.PSQLException: ERROR: syntax error at or near ")"
  Position: 55
	at org.postgresql.core.v3.QueryExecutorImpl.receiveErrorResponse(QueryExecutorImpl.java:2270)
	at org.postgresql.core.v3.QueryExecutorImpl.processResults(QueryExecutorImpl.java:1998)
	at org.postgresql.core.v3.QueryExecutorImpl.execute(QueryExecutorImpl.java:255)
	at org.postgresql.jdbc2.AbstractJdbc2Statement.execute(AbstractJdbc2Statement.java:570)
	at org.postgresql.jdbc2.AbstractJdbc2Statement.executeWithFlags(AbstractJdbc2Statement.java:406)
	at org.postgresql.jdbc2.AbstractJdbc2Statement.executeQuery(AbstractJdbc2Statement.java:286)
	at com.qtpselenium.framework.Util.Keywords.getAssetsinShow(Keywords.java:139)
	at com.qtpselenium.framework.Util.Keywords.executeKeywords(Keywords.java:111)
	at com.qtpselenium.framework.SuiteA.TestA1.GetAssetsinShowTest(TestA1.java:83)
	at sun.reflect.NativeMethodAccessorImpl.invoke0(Native Method)
	at sun.reflect.NativeMethodAccessorImpl.invoke(NativeMethodAccessorImpl.java:62)
	at sun.reflect.DelegatingMethodAccessorImpl.invoke(DelegatingMethodAccessorImpl.java:43)
	at java.lang.reflect.Method.invoke(Method.java:483)
	at org.testng.internal.MethodInvocationHelper.invokeMethod(MethodInvocationHelper.java:80)
	at org.testng.internal.Invoker.invokeMethod(Invoker.java:673)
	at org.testng.internal.Invoker.invokeTestMethod(Invoker.java:842)
	at org.testng.internal.Invoker.invokeTestMethods(Invoker.java:1166)
	at org.testng.internal.TestMethodWorker.invokeTestMethods(TestMethodWorker.java:125)
	at org.testng.internal.TestMethodWorker.run(TestMethodWorker.java:109)
	at org.testng.TestRunner.runWorkers(TestRunner.java:1178)
	at org.testng.TestRunner.privateRun(TestRunner.java:757)
	at org.testng.TestRunner.run(TestRunner.java:608)
	at org.testng.SuiteRunner.runTest(SuiteRunner.java:334)
	at org.testng.SuiteRunner.runSequentially(SuiteRunner.java:329)
	at org.testng.SuiteRunner.privateRun(SuiteRunner.java:291)
	at org.testng.SuiteRunner.run(SuiteRunner.java:240)
	at org.testng.SuiteRunnerWorker.runSuite(SuiteRunnerWorker.java:52)
	at org.testng.SuiteRunnerWorker.run(SuiteRunnerWorker.java:86)
	at org.testng.TestNG.runSuitesSequentially(TestNG.java:1158)
	at org.testng.TestNG.runSuitesLocally(TestNG.java:1083)
	at org.testng.TestNG.run(TestNG.java:999)
	at org.testng.remote.RemoteTestNG.run(RemoteTestNG.java:111)
	at org.testng.remote.RemoteTestNG.initAndRun(RemoteTestNG.java:203)
	at org.testng.remote.RemoteTestNG.main(RemoteTestNG.java:174)
]]>
    </failure>
  </testcase>
  <testcase name="GetAsset_Shows_Users_Count" time="0.046" classname="com.qtpselenium.framework.SuiteA.TestA1"/>
  <testcase name="GetAssetsinShowTest" time="0.078" classname="com.qtpselenium.framework.SuiteA.TestA1"/>
  <testcase name="ActiveShowsCountTest" time="0.078" classname="com.qtpselenium.framework.SuiteA.TestA1"/>
  <testcase name="ActiveShowsListTest" time="0.047" classname="com.qtpselenium.framework.SuiteA.TestA1"/>
  <testcase name="SetUpDbConnection" time="0.164" classname="com.qtpselenium.framework.SuiteA.TestA1"/>
  <testcase name="CloseDbConnection" time="0.047" classname="com.qtpselenium.framework.SuiteA.TestA1"/>
  <testcase name="GetAsset_Shows_Users_Count" time="0.063" classname="com.qtpselenium.framework.SuiteA.TestA1"/>
  <testcase name="GetAsset_Shows_Users_Count" time="0.078" classname="com.qtpselenium.framework.SuiteA.TestA1"/>
  <testcase name="GetAsset_Shows_Users_Count" time="0.047" classname="com.qtpselenium.framework.SuiteA.TestA1"/>
</testsuite>
